<?xml version="1.0" encoding="UTF-8"?>
<!-- Generated by org.testng.reporters.JUnitXMLReporter -->
<testsuite ignored="0" hostname="DESKTOP-BIT9U55" failures="0" tests="2" name="Run on Chrome browser" time="16.704" errors="0" timestamp="2023-07-21T16:41:48 ICT">
  <testcase classname="com.jquery.upload.Level_6_uploadFile" name="TC_01_One_File" time="2.749"/>
  <testcase classname="com.jquery.upload.Level_6_uploadFile" name="TC_02_Multiple_file" time="7.821"/>
</testsuite> <!-- Run on Chrome browser -->
