<?xml version="1.0" encoding="UTF-8"?>
<!-- Generated by org.testng.reporters.JUnitXMLReporter -->
<testsuite ignored="0" hostname="DESKTOP-BIT9U55" failures="1" tests="3" name="Run on Chrome browser" time="9.481" errors="0" timestamp="2023-07-31T21:17:52 ICT">
  <testcase classname="com.techpanda.account.Level_10" name="TC_01" time="1.288"/>
  <testcase classname="com.techpanda.account.Level_10" name="TC_02" time="1.064"/>
  <testcase classname="com.techpanda.account.Level_10" name="TC_03" time="2.012">
    <failure type="java.lang.AssertionError" message="expected [true] but found [false]">
      <![CDATA[java.lang.AssertionError: expected [true] but found [false]
at com.techpanda.account.Level_10.TC_03(Level_10.java:111)
at java.base/java.util.ArrayList.forEach(ArrayList.java:1541)
... Removed 31 stack frames]]>
    </failure>
  </testcase> <!-- TC_03 -->
</testsuite> <!-- Run on Chrome browser -->
